0 info it worked if it ends with ok
1 verbose cli [ '/usr/local/Cellar/node/4.2.1/bin/node',
1 verbose cli   '/usr/local/bin/npm',
1 verbose cli   'publish',
1 verbose cli   '.' ]
2 info using npm@2.14.7
3 info using node@v4.2.1
4 verbose publish [ '.' ]
5 silly cache add args [ '.', null ]
6 verbose cache add spec .
7 silly cache add parsed spec Result {
7 silly cache add   raw: '.',
7 silly cache add   scope: null,
7 silly cache add   name: null,
7 silly cache add   rawSpec: '.',
7 silly cache add   spec: '/Users/gabrielcsapo/Documents/grunt-screenshot',
7 silly cache add   type: 'directory' }
8 verbose addLocalDirectory /Users/gabrielcsapo/.npm/grunt-screenshot/0.0.1/package.tgz not in flight; packing
9 verbose tar pack [ '/Users/gabrielcsapo/.npm/grunt-screenshot/0.0.1/package.tgz',
9 verbose tar pack   '/Users/gabrielcsapo/Documents/grunt-screenshot' ]
10 verbose tarball /Users/gabrielcsapo/.npm/grunt-screenshot/0.0.1/package.tgz
11 verbose folder /Users/gabrielcsapo/Documents/grunt-screenshot
12 info prepublish grunt-screenshot@0.0.1
13 verbose addLocalTarball adding from inside cache /Users/gabrielcsapo/.npm/grunt-screenshot/0.0.1/package.tgz
14 silly cache afterAdd grunt-screenshot@0.0.1
15 verbose afterAdd /Users/gabrielcsapo/.npm/grunt-screenshot/0.0.1/package/package.json not in flight; writing
16 verbose afterAdd /Users/gabrielcsapo/.npm/grunt-screenshot/0.0.1/package/package.json written
17 silly publish { name: 'grunt-screenshot',
17 silly publish   version: '0.0.1',
17 silly publish   description: 'a screenshot utility for grunt',
17 silly publish   main: 'Gruntfile.js',
17 silly publish   directories: { test: 'test' },
17 silly publish   scripts: { test: 'grunt test' },
17 silly publish   devDependencies:
17 silly publish    { 'grunt-contrib-clean': '^1.0.0',
17 silly publish      'grunt-contrib-jshint': '^1.0.0',
17 silly publish      'grunt-contrib-nodeunit': '^1.0.0' },
17 silly publish   dependencies:
17 silly publish    { async: '^1.5.2',
17 silly publish      'node-phantom-simple': '^2.2.4',
17 silly publish      phantomjs: '^2.1.7',
17 silly publish      st: '^1.1.0' },
17 silly publish   repository:
17 silly publish    { type: 'git',
17 silly publish      url: 'git+https://github.com/gabrielcsapo/grunt-screenshot.git' },
17 silly publish   author: '',
17 silly publish   license: 'ISC',
17 silly publish   bugs: { url: 'https://github.com/gabrielcsapo/grunt-screenshot/issues' },
17 silly publish   homepage: 'https://github.com/gabrielcsapo/grunt-screenshot#readme',
17 silly publish   readme: '# grunt-screenshot\n\n> based on https://github.com/Ferrari/grunt-autoshot\n',
17 silly publish   readmeFilename: 'README.md',
17 silly publish   gitHead: '95d8715d951e27fadef5da6c010b6197f365d87e',
17 silly publish   _id: 'grunt-screenshot@0.0.1',
17 silly publish   _shasum: '6767900741ed53ed223a01abcb9b637d5320ff7b',
17 silly publish   _from: '.' }
18 verbose getPublishConfig undefined
19 silly mapToRegistry name grunt-screenshot
20 silly mapToRegistry using default registry
21 silly mapToRegistry registry https://registry.npmjs.org/
22 silly mapToRegistry uri https://registry.npmjs.org/grunt-screenshot
23 verbose publish registryBase https://registry.npmjs.org/
24 silly publish uploading /Users/gabrielcsapo/.npm/grunt-screenshot/0.0.1/package.tgz
25 verbose request uri https://registry.npmjs.org/grunt-screenshot
26 verbose request sending authorization for write operation
27 info attempt registry request try #1 at 5:37:33 PM
28 verbose request using bearer token for auth
29 verbose request id 5bc70bea6ddfbbfc
30 http request PUT https://registry.npmjs.org/grunt-screenshot
31 http 403 https://registry.npmjs.org/grunt-screenshot
32 verbose headers { 'content-type': 'application/json',
32 verbose headers   'cache-control': 'max-age=300',
32 verbose headers   'content-length': '95',
32 verbose headers   'accept-ranges': 'bytes',
32 verbose headers   date: 'Tue, 19 Apr 2016 00:37:36 GMT',
32 verbose headers   via: '1.1 varnish',
32 verbose headers   connection: 'keep-alive',
32 verbose headers   'x-served-by': 'cache-lax1426-LAX',
32 verbose headers   'x-cache': 'MISS',
32 verbose headers   'x-cache-hits': '0',
32 verbose headers   'x-timer': 'S1461026256.204952,VS0,VE382',
32 verbose headers   vary: 'Accept-Encoding' }
33 verbose request invalidating /Users/gabrielcsapo/.npm/registry.npmjs.org/grunt-screenshot on PUT
34 error publish Failed PUT 403
35 verbose stack Error: "You cannot publish over the previously published version 0.0.1." : grunt-screenshot
35 verbose stack     at makeError (/usr/local/lib/node_modules/npm/node_modules/npm-registry-client/lib/request.js:264:12)
35 verbose stack     at CachingRegistryClient.<anonymous> (/usr/local/lib/node_modules/npm/node_modules/npm-registry-client/lib/request.js:252:14)
35 verbose stack     at Request._callback (/usr/local/lib/node_modules/npm/node_modules/npm-registry-client/lib/request.js:172:14)
35 verbose stack     at Request.self.callback (/usr/local/lib/node_modules/npm/node_modules/request/request.js:198:22)
35 verbose stack     at emitTwo (events.js:87:13)
35 verbose stack     at Request.emit (events.js:172:7)
35 verbose stack     at Request.<anonymous> (/usr/local/lib/node_modules/npm/node_modules/request/request.js:1063:14)
35 verbose stack     at emitOne (events.js:82:20)
35 verbose stack     at Request.emit (events.js:169:7)
35 verbose stack     at IncomingMessage.<anonymous> (/usr/local/lib/node_modules/npm/node_modules/request/request.js:1009:12)
36 verbose statusCode 403
37 verbose pkgid grunt-screenshot
38 verbose cwd /Users/gabrielcsapo/Documents/grunt-screenshot
39 error Darwin 15.5.0
40 error argv "/usr/local/Cellar/node/4.2.1/bin/node" "/usr/local/bin/npm" "publish" "."
41 error node v4.2.1
42 error npm  v2.14.7
43 error code E403
44 error "You cannot publish over the previously published version 0.0.1." : grunt-screenshot
45 error If you need help, you may report this error at:
45 error     <https://github.com/npm/npm/issues>
46 verbose exit [ 1, true ]
